<?xml version="1.0" encoding="UTF-8"?>
<testsuite name="com.example.project.TestTriangle" tests="3" skipped="0" failures="0" errors="0" timestamp="2025-01-09T15:29:50" hostname="codespaces-a92edc" time="0.053">
  <properties/>
  <testcase name="testConstructorAndGetVertices()" classname="com.example.project.TestTriangle" time="0.004"/>
  <testcase name="testTriangleInfo()" classname="com.example.project.TestTriangle" time="0.039"/>
  <testcase name="testPerimeter()" classname="com.example.project.TestTriangle" time="0.003"/>
  <system-out><![CDATA[]]></system-out>
  <system-err><![CDATA[]]></system-err>
</testsuite>
